<?xml version="1.0" encoding="UTF-8"?>
<!-- Generated by org.testng.reporters.JUnitReportReporter -->
<testsuite hostname="DESKTOP-BM9GJNR" failures="0" tests="2" name="testCases.ChangePasswordTestCases" time="5.836" errors="0" timestamp="2023-03-11T14:07:12 GST" skipped="0">
  <testcase classname="testCases.ChangePasswordTestCases" name="ManagerCanLoginWithCorrectUserAndPassword" time="2.090"/>
  <system-out/>
  <testcase classname="testCases.ChangePasswordTestCases" name="OpenChangePasswordLink" time="3.746"/>
  <system-out/>
</testsuite> <!-- testCases.ChangePasswordTestCases -->
