<?xml version="1.0" encoding="UTF-8"?>
<!-- Generated by org.testng.reporters.JUnitReportReporter -->
<testsuite hostname="DESKTOP-BM9GJNR" failures="0" tests="2" name="testCases.LoginTestCases" time="3.652" errors="0" timestamp="2023-03-12T11:37:53 GST" skipped="0">
  <testcase classname="testCases.LoginTestCases" name="ManagerCannotLoginWithIncorrectUserIDorPassowrd" time="0.706"/>
  <system-out/>
  <testcase classname="testCases.LoginTestCases" name="ManagerCanLoginusingCorrectUserIdandCorrectPassword" time="2.946"/>
  <system-out/>
</testsuite> <!-- testCases.LoginTestCases -->
