<?xml version="1.0" encoding="UTF-8"?>
<!-- Generated by org.testng.reporters.JUnitReportReporter -->
<testsuite hostname="DESKTOP-BM9GJNR" failures="0" tests="2" name="testCases.DeleteAccountTestCase" time="7.607" errors="0" timestamp="2023-03-12T11:50:15 GST" skipped="0">
  <testcase classname="testCases.DeleteAccountTestCase" name="ManagerCanLoginusingCorrectUserIdandCorrectPassword" time="1.642"/>
  <system-out/>
  <testcase classname="testCases.DeleteAccountTestCase" name="ManagerCanDeleteAnAccount" time="5.965"/>
  <system-out/>
</testsuite> <!-- testCases.DeleteAccountTestCase -->
